2023-06-04 09:55:55,661 [Worker-6: Loading available Gradle versions] INFO  o.e.b.c.i.u.g.PublishedGradleVersions - Gradle version information cache is up-to-date. Trying to read.
2023-06-04 10:04:20,596 [Worker-1: Import Getting Started Content] INFO  o.e.m.c.i.l.LifecycleMappingFactory - Using org.eclipse.m2e.jdt.JarLifecycleMapping lifecycle mapping for MavenProject: com.bolsadeideas.springboot.app:sprint-boot-web:0.0.1-SNAPSHOT @ C:\Users\jcardero\Desktop\Dev\Learming\Udemy\Spring-Framework-&-Spring-Boot-desde-cero-a-experto\Projects\sprint-boot-web\pom.xml.
2023-06-04 10:04:21,672 [Worker-1: Import Getting Started Content] INFO  o.e.m.c.i.e.AbstractTransferListenerAdapter - Downloading https://devopstdp.eastus2.cloudapp.azure.com/artifactory/visor-mvn-prod/org/springframework/boot/spring-boot-starter-thymeleaf/3.1.0/spring-boot-starter-thymeleaf-3.1.0.pom
2023-06-04 10:04:21,836 [Worker-1: Import Getting Started Content] INFO  o.e.m.c.i.e.AbstractTransferListenerAdapter - Downloaded https://devopstdp.eastus2.cloudapp.azure.com/artifactory/visor-mvn-prod/org/springframework/boot/spring-boot-starter-thymeleaf/3.1.0/spring-boot-starter-thymeleaf-3.1.0.pom
2023-06-04 10:04:22,106 [Worker-1: Import Getting Started Content] INFO  o.e.m.c.i.e.AbstractTransferListenerAdapter - Downloading https://devopstdp.eastus2.cloudapp.azure.com/artifactory/visor-mvn-prod/org/thymeleaf/thymeleaf-spring6/3.1.1.RELEASE/thymeleaf-spring6-3.1.1.RELEASE.pom
2023-06-04 10:04:22,256 [Worker-1: Import Getting Started Content] INFO  o.e.m.c.i.e.AbstractTransferListenerAdapter - Downloaded https://devopstdp.eastus2.cloudapp.azure.com/artifactory/visor-mvn-prod/org/thymeleaf/thymeleaf-spring6/3.1.1.RELEASE/thymeleaf-spring6-3.1.1.RELEASE.pom
2023-06-04 10:04:22,417 [Worker-1: Import Getting Started Content] INFO  o.e.m.c.i.e.AbstractTransferListenerAdapter - Downloading https://devopstdp.eastus2.cloudapp.azure.com/artifactory/visor-mvn-prod/org/thymeleaf/thymeleaf-lib/3.1.1.RELEASE/thymeleaf-lib-3.1.1.RELEASE.pom
2023-06-04 10:04:22,569 [Worker-1: Import Getting Started Content] INFO  o.e.m.c.i.e.AbstractTransferListenerAdapter - Downloaded https://devopstdp.eastus2.cloudapp.azure.com/artifactory/visor-mvn-prod/org/thymeleaf/thymeleaf-lib/3.1.1.RELEASE/thymeleaf-lib-3.1.1.RELEASE.pom
2023-06-04 10:04:22,795 [Worker-1: Import Getting Started Content] INFO  o.e.m.c.i.e.AbstractTransferListenerAdapter - Downloading https://devopstdp.eastus2.cloudapp.azure.com/artifactory/visor-mvn-prod/org/thymeleaf/thymeleaf-parent/3.1.1.RELEASE/thymeleaf-parent-3.1.1.RELEASE.pom
2023-06-04 10:04:23,072 [Worker-1: Import Getting Started Content] INFO  o.e.m.c.i.e.AbstractTransferListenerAdapter - Downloaded https://devopstdp.eastus2.cloudapp.azure.com/artifactory/visor-mvn-prod/org/thymeleaf/thymeleaf-parent/3.1.1.RELEASE/thymeleaf-parent-3.1.1.RELEASE.pom
2023-06-04 10:04:23,232 [Worker-1: Import Getting Started Content] INFO  o.e.m.c.i.e.AbstractTransferListenerAdapter - Downloading https://devopstdp.eastus2.cloudapp.azure.com/artifactory/visor-mvn-prod/org/springframework/spring-framework-bom/6.0.2/spring-framework-bom-6.0.2.pom
2023-06-04 10:04:23,380 [Worker-1: Import Getting Started Content] INFO  o.e.m.c.i.e.AbstractTransferListenerAdapter - Downloaded https://devopstdp.eastus2.cloudapp.azure.com/artifactory/visor-mvn-prod/org/springframework/spring-framework-bom/6.0.2/spring-framework-bom-6.0.2.pom
2023-06-04 10:04:23,534 [Worker-1: Import Getting Started Content] INFO  o.e.m.c.i.e.AbstractTransferListenerAdapter - Downloading https://devopstdp.eastus2.cloudapp.azure.com/artifactory/visor-mvn-prod/io/projectreactor/reactor-bom/2022.0.0/reactor-bom-2022.0.0.pom
2023-06-04 10:04:23,678 [Worker-1: Import Getting Started Content] INFO  o.e.m.c.i.e.AbstractTransferListenerAdapter - Downloaded https://devopstdp.eastus2.cloudapp.azure.com/artifactory/visor-mvn-prod/io/projectreactor/reactor-bom/2022.0.0/reactor-bom-2022.0.0.pom
2023-06-04 10:04:23,827 [Worker-1: Import Getting Started Content] INFO  o.e.m.c.i.e.AbstractTransferListenerAdapter - Downloading https://devopstdp.eastus2.cloudapp.azure.com/artifactory/visor-mvn-prod/org/apache/logging/log4j/log4j-bom/2.19.0/log4j-bom-2.19.0.pom
2023-06-04 10:04:23,980 [Worker-1: Import Getting Started Content] INFO  o.e.m.c.i.e.AbstractTransferListenerAdapter - Downloaded https://devopstdp.eastus2.cloudapp.azure.com/artifactory/visor-mvn-prod/org/apache/logging/log4j/log4j-bom/2.19.0/log4j-bom-2.19.0.pom
2023-06-04 10:04:24,138 [Worker-1: Import Getting Started Content] INFO  o.e.m.c.i.e.AbstractTransferListenerAdapter - Downloading https://devopstdp.eastus2.cloudapp.azure.com/artifactory/visor-mvn-prod/org/thymeleaf/thymeleaf/3.1.1.RELEASE/thymeleaf-3.1.1.RELEASE.pom
2023-06-04 10:04:24,290 [Worker-1: Import Getting Started Content] INFO  o.e.m.c.i.e.AbstractTransferListenerAdapter - Downloaded https://devopstdp.eastus2.cloudapp.azure.com/artifactory/visor-mvn-prod/org/thymeleaf/thymeleaf/3.1.1.RELEASE/thymeleaf-3.1.1.RELEASE.pom
2023-06-04 10:04:24,459 [Worker-1: Import Getting Started Content] INFO  o.e.m.c.i.e.AbstractTransferListenerAdapter - Downloading https://devopstdp.eastus2.cloudapp.azure.com/artifactory/visor-mvn-prod/org/attoparser/attoparser/2.0.6.RELEASE/attoparser-2.0.6.RELEASE.pom
2023-06-04 10:04:24,627 [Worker-1: Import Getting Started Content] INFO  o.e.m.c.i.e.AbstractTransferListenerAdapter - Downloaded https://devopstdp.eastus2.cloudapp.azure.com/artifactory/visor-mvn-prod/org/attoparser/attoparser/2.0.6.RELEASE/attoparser-2.0.6.RELEASE.pom
2023-06-04 10:04:24,828 [Worker-1: Import Getting Started Content] INFO  o.e.m.c.i.e.AbstractTransferListenerAdapter - Downloading https://devopstdp.eastus2.cloudapp.azure.com/artifactory/visor-mvn-prod/org/unbescape/unbescape/1.1.6.RELEASE/unbescape-1.1.6.RELEASE.pom
2023-06-04 10:04:25,001 [Worker-1: Import Getting Started Content] INFO  o.e.m.c.i.e.AbstractTransferListenerAdapter - Downloaded https://devopstdp.eastus2.cloudapp.azure.com/artifactory/visor-mvn-prod/org/unbescape/unbescape/1.1.6.RELEASE/unbescape-1.1.6.RELEASE.pom
2023-06-04 10:04:25,326 [AetherRepositoryConnector-devopstdp.eastus2.cloudapp.azure.com-0-0] INFO  o.e.m.c.i.e.AbstractTransferListenerAdapter - Downloading https://devopstdp.eastus2.cloudapp.azure.com/artifactory/visor-mvn-prod/org/springframework/boot/spring-boot-starter-thymeleaf/3.1.0/spring-boot-starter-thymeleaf-3.1.0.jar
2023-06-04 10:04:25,481 [AetherRepositoryConnector-devopstdp.eastus2.cloudapp.azure.com-0-0] INFO  o.e.m.c.i.e.AbstractTransferListenerAdapter - Downloaded https://devopstdp.eastus2.cloudapp.azure.com/artifactory/visor-mvn-prod/org/springframework/boot/spring-boot-starter-thymeleaf/3.1.0/spring-boot-starter-thymeleaf-3.1.0.jar
2023-06-04 10:04:25,811 [AetherRepositoryConnector-devopstdp.eastus2.cloudapp.azure.com-0-2] INFO  o.e.m.c.i.e.AbstractTransferListenerAdapter - Downloading https://devopstdp.eastus2.cloudapp.azure.com/artifactory/visor-mvn-prod/org/thymeleaf/thymeleaf/3.1.1.RELEASE/thymeleaf-3.1.1.RELEASE.jar
2023-06-04 10:04:25,813 [AetherRepositoryConnector-devopstdp.eastus2.cloudapp.azure.com-0-3] INFO  o.e.m.c.i.e.AbstractTransferListenerAdapter - Downloading https://devopstdp.eastus2.cloudapp.azure.com/artifactory/visor-mvn-prod/org/attoparser/attoparser/2.0.6.RELEASE/attoparser-2.0.6.RELEASE.jar
2023-06-04 10:04:25,860 [AetherRepositoryConnector-devopstdp.eastus2.cloudapp.azure.com-0-4] INFO  o.e.m.c.i.e.AbstractTransferListenerAdapter - Downloading https://devopstdp.eastus2.cloudapp.azure.com/artifactory/visor-mvn-prod/org/unbescape/unbescape/1.1.6.RELEASE/unbescape-1.1.6.RELEASE.jar
2023-06-04 10:04:25,864 [AetherRepositoryConnector-devopstdp.eastus2.cloudapp.azure.com-0-1] INFO  o.e.m.c.i.e.AbstractTransferListenerAdapter - Downloading https://devopstdp.eastus2.cloudapp.azure.com/artifactory/visor-mvn-prod/org/thymeleaf/thymeleaf-spring6/3.1.1.RELEASE/thymeleaf-spring6-3.1.1.RELEASE.jar
2023-06-04 10:04:26,278 [AetherRepositoryConnector-devopstdp.eastus2.cloudapp.azure.com-0-4] INFO  o.e.m.c.i.e.AbstractTransferListenerAdapter - Downloaded https://devopstdp.eastus2.cloudapp.azure.com/artifactory/visor-mvn-prod/org/unbescape/unbescape/1.1.6.RELEASE/unbescape-1.1.6.RELEASE.jar
2023-06-04 10:04:26,286 [AetherRepositoryConnector-devopstdp.eastus2.cloudapp.azure.com-0-1] INFO  o.e.m.c.i.e.AbstractTransferListenerAdapter - Downloaded https://devopstdp.eastus2.cloudapp.azure.com/artifactory/visor-mvn-prod/org/thymeleaf/thymeleaf-spring6/3.1.1.RELEASE/thymeleaf-spring6-3.1.1.RELEASE.jar
2023-06-04 10:04:26,345 [AetherRepositoryConnector-devopstdp.eastus2.cloudapp.azure.com-0-3] INFO  o.e.m.c.i.e.AbstractTransferListenerAdapter - Downloaded https://devopstdp.eastus2.cloudapp.azure.com/artifactory/visor-mvn-prod/org/attoparser/attoparser/2.0.6.RELEASE/attoparser-2.0.6.RELEASE.jar
2023-06-04 10:04:26,605 [AetherRepositoryConnector-devopstdp.eastus2.cloudapp.azure.com-0-2] INFO  o.e.m.c.i.e.AbstractTransferListenerAdapter - Downloaded https://devopstdp.eastus2.cloudapp.azure.com/artifactory/visor-mvn-prod/org/thymeleaf/thymeleaf/3.1.1.RELEASE/thymeleaf-3.1.1.RELEASE.jar
2023-06-04 10:04:27,233 [Worker-1: Import Getting Started Content] INFO  o.e.m.j.i.AbstractJavaProjectConfigurator - Adding source folder /sprint-boot-web/src/main/java
2023-06-04 10:04:27,234 [Worker-1: Import Getting Started Content] INFO  o.e.m.j.i.AbstractJavaProjectConfigurator - Adding resource folder /sprint-boot-web/src/main/resources
2023-06-04 10:04:27,237 [Worker-1: Import Getting Started Content] INFO  o.e.m.j.i.AbstractJavaProjectConfigurator - Adding resource folder /sprint-boot-web/src/main/resources
2023-06-04 10:04:27,240 [Worker-1: Import Getting Started Content] INFO  o.e.m.j.i.AbstractJavaProjectConfigurator - Adding source folder /sprint-boot-web/src/test/java
2023-06-04 10:04:28,504 [Worker-1: Import Getting Started Content] INFO  o.e.m.c.i.p.ProjectConfigurationManager - Imported and configured 1 project(s) in 8 sec
2023-06-04 10:04:28,510 [Worker-1: Import Getting Started Content] INFO  o.e.m.c.i.p.ProjectConfigurationManager - Update started
2023-06-04 10:04:28,650 [Worker-22: Download sources and javadoc] INFO  o.e.m.c.i.e.AbstractTransferListenerAdapter - Downloading https://devopstdp.eastus2.cloudapp.azure.com/artifactory/visor-mvn-prod/org/springframework/boot/spring-boot-starter-thymeleaf/3.1.0/spring-boot-starter-thymeleaf-3.1.0-sources.jar
2023-06-04 10:04:28,812 [Worker-22: Download sources and javadoc] INFO  o.e.m.c.i.e.AbstractTransferListenerAdapter - Downloaded https://devopstdp.eastus2.cloudapp.azure.com/artifactory/visor-mvn-prod/org/springframework/boot/spring-boot-starter-thymeleaf/3.1.0/spring-boot-starter-thymeleaf-3.1.0-sources.jar
2023-06-04 10:04:28,822 [Worker-22: Download sources and javadoc] INFO  o.e.m.j.internal.DownloadSourcesJob - Downloaded sources for org.springframework.boot:spring-boot-starter-thymeleaf:3.1.0
2023-06-04 10:04:28,865 [Worker-1: Import Getting Started Content] INFO  o.e.m.c.i.l.LifecycleMappingFactory - Using org.eclipse.m2e.jdt.JarLifecycleMapping lifecycle mapping for MavenProject: com.bolsadeideas.springboot.app:sprint-boot-web:0.0.1-SNAPSHOT @ C:\Users\jcardero\Desktop\Dev\Learming\Udemy\Spring-Framework-&-Spring-Boot-desde-cero-a-experto\Projects\sprint-boot-web\pom.xml.
2023-06-04 10:04:29,435 [Worker-1: Import Getting Started Content] INFO  o.e.m.j.i.AbstractJavaProjectConfigurator - Adding source folder /sprint-boot-web/src/main/java
2023-06-04 10:04:29,436 [Worker-1: Import Getting Started Content] INFO  o.e.m.j.i.AbstractJavaProjectConfigurator - Adding resource folder /sprint-boot-web/src/main/resources
2023-06-04 10:04:29,436 [Worker-1: Import Getting Started Content] INFO  o.e.m.j.i.AbstractJavaProjectConfigurator - Adding resource folder /sprint-boot-web/src/main/resources
2023-06-04 10:04:29,437 [Worker-1: Import Getting Started Content] INFO  o.e.m.j.i.AbstractJavaProjectConfigurator - Adding source folder /sprint-boot-web/src/test/java
2023-06-04 10:04:29,606 [Worker-22: Download sources and javadoc] INFO  o.e.m.c.i.e.AbstractTransferListenerAdapter - Downloading https://devopstdp.eastus2.cloudapp.azure.com/artifactory/visor-mvn-prod/org/thymeleaf/thymeleaf-spring6/3.1.1.RELEASE/thymeleaf-spring6-3.1.1.RELEASE-sources.jar
2023-06-04 10:04:30,001 [Worker-22: Download sources and javadoc] INFO  o.e.m.c.i.e.AbstractTransferListenerAdapter - Downloaded https://devopstdp.eastus2.cloudapp.azure.com/artifactory/visor-mvn-prod/org/thymeleaf/thymeleaf-spring6/3.1.1.RELEASE/thymeleaf-spring6-3.1.1.RELEASE-sources.jar
2023-06-04 10:04:30,006 [Worker-22: Download sources and javadoc] INFO  o.e.m.j.internal.DownloadSourcesJob - Downloaded sources for org.thymeleaf:thymeleaf-spring6:3.1.1.RELEASE
2023-06-04 10:04:30,134 [Worker-1: Import Getting Started Content] INFO  o.e.m.c.i.p.ProjectConfigurationManager - Update completed for 1 poms: local refresh takes 0.00 sec, refresh facades takes 0.00 sec, update config takes 0.00 sec 
2023-06-04 10:04:30,833 [Worker-22: Download sources and javadoc] INFO  o.e.m.c.i.e.AbstractTransferListenerAdapter - Downloading https://devopstdp.eastus2.cloudapp.azure.com/artifactory/visor-mvn-prod/org/thymeleaf/thymeleaf/3.1.1.RELEASE/thymeleaf-3.1.1.RELEASE-sources.jar
2023-06-04 10:04:31,677 [Worker-22: Download sources and javadoc] INFO  o.e.m.c.i.e.AbstractTransferListenerAdapter - Downloaded https://devopstdp.eastus2.cloudapp.azure.com/artifactory/visor-mvn-prod/org/thymeleaf/thymeleaf/3.1.1.RELEASE/thymeleaf-3.1.1.RELEASE-sources.jar
2023-06-04 10:04:31,682 [Worker-22: Download sources and javadoc] INFO  o.e.m.j.internal.DownloadSourcesJob - Downloaded sources for org.thymeleaf:thymeleaf:3.1.1.RELEASE
2023-06-04 10:04:32,521 [Worker-22: Download sources and javadoc] INFO  o.e.m.c.i.e.AbstractTransferListenerAdapter - Downloading https://devopstdp.eastus2.cloudapp.azure.com/artifactory/visor-mvn-prod/org/attoparser/attoparser/2.0.6.RELEASE/attoparser-2.0.6.RELEASE-sources.jar
2023-06-04 10:04:33,079 [Worker-22: Download sources and javadoc] INFO  o.e.m.c.i.e.AbstractTransferListenerAdapter - Downloaded https://devopstdp.eastus2.cloudapp.azure.com/artifactory/visor-mvn-prod/org/attoparser/attoparser/2.0.6.RELEASE/attoparser-2.0.6.RELEASE-sources.jar
2023-06-04 10:04:33,082 [Worker-22: Download sources and javadoc] INFO  o.e.m.j.internal.DownloadSourcesJob - Downloaded sources for org.attoparser:attoparser:2.0.6.RELEASE
2023-06-04 10:04:33,863 [Worker-22: Download sources and javadoc] INFO  o.e.m.c.i.e.AbstractTransferListenerAdapter - Downloading https://devopstdp.eastus2.cloudapp.azure.com/artifactory/visor-mvn-prod/org/unbescape/unbescape/1.1.6.RELEASE/unbescape-1.1.6.RELEASE-sources.jar
2023-06-04 10:04:34,253 [Worker-22: Download sources and javadoc] INFO  o.e.m.c.i.e.AbstractTransferListenerAdapter - Downloaded https://devopstdp.eastus2.cloudapp.azure.com/artifactory/visor-mvn-prod/org/unbescape/unbescape/1.1.6.RELEASE/unbescape-1.1.6.RELEASE-sources.jar
2023-06-04 10:04:34,258 [Worker-22: Download sources and javadoc] INFO  o.e.m.j.internal.DownloadSourcesJob - Downloaded sources for org.unbescape:unbescape:1.1.6.RELEASE
2023-06-04 10:08:40,779 [Worker-1: Import Getting Started Content] INFO  o.e.m.c.i.l.LifecycleMappingFactory - Using org.eclipse.m2e.jdt.JarLifecycleMapping lifecycle mapping for MavenProject: com.bolsadeideas.springboot.app:sprint-boot-web-david:0.0.1-SNAPSHOT @ C:\Users\jcardero\Desktop\Dev\Learming\Udemy\Spring-Framework-&-Spring-Boot-desde-cero-a-experto\Projects\sprint-boot-web-david\pom.xml.
2023-06-04 10:08:41,429 [Worker-1: Import Getting Started Content] INFO  o.e.m.j.i.AbstractJavaProjectConfigurator - Adding source folder /sprint-boot-web-david/src/main/java
2023-06-04 10:08:41,429 [Worker-1: Import Getting Started Content] INFO  o.e.m.j.i.AbstractJavaProjectConfigurator - Adding resource folder /sprint-boot-web-david/src/main/resources
2023-06-04 10:08:41,435 [Worker-1: Import Getting Started Content] INFO  o.e.m.j.i.AbstractJavaProjectConfigurator - Adding resource folder /sprint-boot-web-david/src/main/resources
2023-06-04 10:08:41,442 [Worker-1: Import Getting Started Content] INFO  o.e.m.j.i.AbstractJavaProjectConfigurator - Adding source folder /sprint-boot-web-david/src/test/java
2023-06-04 10:08:41,930 [Worker-1: Import Getting Started Content] INFO  o.e.m.c.i.p.ProjectConfigurationManager - Imported and configured 1 project(s) in 1 sec
2023-06-04 10:08:41,933 [Worker-1: Import Getting Started Content] INFO  o.e.m.c.i.p.ProjectConfigurationManager - Update started
2023-06-04 10:08:42,298 [Worker-1: Import Getting Started Content] INFO  o.e.m.c.i.l.LifecycleMappingFactory - Using org.eclipse.m2e.jdt.JarLifecycleMapping lifecycle mapping for MavenProject: com.bolsadeideas.springboot.app:sprint-boot-web-david:0.0.1-SNAPSHOT @ C:\Users\jcardero\Desktop\Dev\Learming\Udemy\Spring-Framework-&-Spring-Boot-desde-cero-a-experto\Projects\sprint-boot-web-david\pom.xml.
2023-06-04 10:08:42,693 [Worker-1: Import Getting Started Content] INFO  o.e.m.j.i.AbstractJavaProjectConfigurator - Adding source folder /sprint-boot-web-david/src/main/java
2023-06-04 10:08:42,693 [Worker-1: Import Getting Started Content] INFO  o.e.m.j.i.AbstractJavaProjectConfigurator - Adding resource folder /sprint-boot-web-david/src/main/resources
2023-06-04 10:08:42,693 [Worker-1: Import Getting Started Content] INFO  o.e.m.j.i.AbstractJavaProjectConfigurator - Adding resource folder /sprint-boot-web-david/src/main/resources
2023-06-04 10:08:42,694 [Worker-1: Import Getting Started Content] INFO  o.e.m.j.i.AbstractJavaProjectConfigurator - Adding source folder /sprint-boot-web-david/src/test/java
2023-06-04 10:08:43,033 [Worker-1: Import Getting Started Content] INFO  o.e.m.c.i.p.ProjectConfigurationManager - Update completed for 1 poms: local refresh takes 0.00 sec, refresh facades takes 0.00 sec, update config takes 0.00 sec 
2023-06-04 11:57:36,609 [Worker-3: Loading available Gradle versions] INFO  o.e.b.c.i.u.g.PublishedGradleVersions - Gradle version information cache is up-to-date. Trying to read.
2023-06-04 12:03:32,522 [Worker-18: Building] INFO  o.a.m.s.f.DefaultMavenResourcesFiltering - Copying 1 resource from src\main\resources to target\classes
2023-06-04 12:03:32,557 [Worker-18: Building] INFO  o.a.m.s.f.DefaultMavenResourcesFiltering - Copying 1 resource from src\main\resources to target\classes
2023-06-04 12:03:32,572 [Worker-18: Building] INFO  o.a.m.s.f.DefaultMavenResourcesFiltering - skip non existing resourceDirectory C:\Users\jcardero\Desktop\Dev\Learming\Udemy\Spring-Framework-&-Spring-Boot-desde-cero-a-experto\Projects\sprint-boot-web-david\src\test\resources
2023-06-04 12:07:00,287 [Worker-24: Building] INFO  o.a.m.s.f.DefaultMavenResourcesFiltering - Copying 0 resource from src\main\resources to target\classes
2023-06-04 12:07:00,287 [Worker-24: Building] INFO  o.a.m.s.f.DefaultMavenResourcesFiltering - Copying 1 resource from src\main\resources to target\classes
2023-06-04 12:07:00,297 [Worker-24: Building] INFO  o.a.m.s.f.DefaultMavenResourcesFiltering - skip non existing resourceDirectory C:\Users\jcardero\Desktop\Dev\Learming\Udemy\Spring-Framework-&-Spring-Boot-desde-cero-a-experto\Projects\sprint-boot-web-david\src\test\resources
2023-06-04 12:07:39,579 [Worker-27: Building] INFO  o.a.m.s.f.DefaultMavenResourcesFiltering - Copying 0 resource from src\main\resources to target\classes
2023-06-04 12:07:39,580 [Worker-27: Building] INFO  o.a.m.s.f.DefaultMavenResourcesFiltering - Copying 1 resource from src\main\resources to target\classes
2023-06-04 12:07:39,586 [Worker-27: Building] INFO  o.a.m.s.f.DefaultMavenResourcesFiltering - skip non existing resourceDirectory C:\Users\jcardero\Desktop\Dev\Learming\Udemy\Spring-Framework-&-Spring-Boot-desde-cero-a-experto\Projects\sprint-boot-web-david\src\test\resources
2023-06-04 12:14:31,362 [Worker-28: Building] INFO  o.a.m.s.f.DefaultMavenResourcesFiltering - Copying 0 resource from src\main\resources to target\classes
2023-06-04 12:14:31,362 [Worker-28: Building] INFO  o.a.m.s.f.DefaultMavenResourcesFiltering - Copying 0 resource from src\main\resources to target\classes
2023-06-04 12:14:31,367 [Worker-28: Building] INFO  o.a.m.s.f.DefaultMavenResourcesFiltering - skip non existing resourceDirectory C:\Users\jcardero\Desktop\Dev\Learming\Udemy\Spring-Framework-&-Spring-Boot-desde-cero-a-experto\Projects\sprint-boot-web-david\src\test\resources
2023-06-04 12:15:07,762 [Worker-30: Building] INFO  o.a.m.s.f.DefaultMavenResourcesFiltering - Copying 0 resource from src\main\resources to target\classes
2023-06-04 12:15:07,763 [Worker-30: Building] INFO  o.a.m.s.f.DefaultMavenResourcesFiltering - Copying 1 resource from src\main\resources to target\classes
2023-06-04 12:15:07,769 [Worker-30: Building] INFO  o.a.m.s.f.DefaultMavenResourcesFiltering - skip non existing resourceDirectory C:\Users\jcardero\Desktop\Dev\Learming\Udemy\Spring-Framework-&-Spring-Boot-desde-cero-a-experto\Projects\sprint-boot-web-david\src\test\resources
2023-06-04 12:38:41,030 [Worker-41: Building] INFO  o.a.m.s.f.DefaultMavenResourcesFiltering - Copying 1 resource from src\main\resources to target\classes
2023-06-04 12:38:41,037 [Worker-41: Building] INFO  o.a.m.s.f.DefaultMavenResourcesFiltering - Copying 1 resource from src\main\resources to target\classes
2023-06-04 12:38:41,041 [Worker-41: Building] INFO  o.a.m.s.f.DefaultMavenResourcesFiltering - skip non existing resourceDirectory C:\Users\jcardero\Desktop\Dev\Learming\Udemy\Spring-Framework-&-Spring-Boot-desde-cero-a-experto\Projects\sprint-boot-web-david\src\test\resources
2023-06-04 12:41:38,460 [Worker-39: Building] INFO  o.a.m.s.f.DefaultMavenResourcesFiltering - Copying 0 resource from src\main\resources to target\classes
2023-06-04 12:41:38,461 [Worker-39: Building] INFO  o.a.m.s.f.DefaultMavenResourcesFiltering - Copying 1 resource from src\main\resources to target\classes
2023-06-04 12:41:38,467 [Worker-39: Building] INFO  o.a.m.s.f.DefaultMavenResourcesFiltering - skip non existing resourceDirectory C:\Users\jcardero\Desktop\Dev\Learming\Udemy\Spring-Framework-&-Spring-Boot-desde-cero-a-experto\Projects\sprint-boot-web-david\src\test\resources
2023-06-04 12:44:58,966 [Worker-43: Building] INFO  o.a.m.s.f.DefaultMavenResourcesFiltering - Copying 0 resource from src\main\resources to target\classes
2023-06-04 12:44:58,966 [Worker-43: Building] INFO  o.a.m.s.f.DefaultMavenResourcesFiltering - Copying 1 resource from src\main\resources to target\classes
2023-06-04 12:44:58,975 [Worker-43: Building] INFO  o.a.m.s.f.DefaultMavenResourcesFiltering - skip non existing resourceDirectory C:\Users\jcardero\Desktop\Dev\Learming\Udemy\Spring-Framework-&-Spring-Boot-desde-cero-a-experto\Projects\sprint-boot-web-david\src\test\resources
2023-06-04 12:54:02,066 [Worker-53: Building] INFO  o.a.m.s.f.DefaultMavenResourcesFiltering - Copying 1 resource from src\main\resources to target\classes
2023-06-04 12:54:02,084 [Worker-53: Building] INFO  o.a.m.s.f.DefaultMavenResourcesFiltering - Copying 1 resource from src\main\resources to target\classes
2023-06-04 12:54:02,087 [Worker-53: Building] INFO  o.a.m.s.f.DefaultMavenResourcesFiltering - skip non existing resourceDirectory C:\Users\jcardero\Desktop\Dev\Learming\Udemy\Spring-Framework-&-Spring-Boot-desde-cero-a-experto\Projects\sprint-boot-web-david\src\test\resources
2023-06-04 13:10:06,941 [Worker-59: Building] INFO  o.a.m.s.f.DefaultMavenResourcesFiltering - Copying 1 resource from src\main\resources to target\classes
2023-06-04 13:10:06,960 [Worker-59: Building] INFO  o.a.m.s.f.DefaultMavenResourcesFiltering - Copying 1 resource from src\main\resources to target\classes
2023-06-04 13:10:06,971 [Worker-59: Building] INFO  o.a.m.s.f.DefaultMavenResourcesFiltering - skip non existing resourceDirectory C:\Users\jcardero\Desktop\Dev\Learming\Udemy\Spring-Framework-&-Spring-Boot-desde-cero-a-experto\Projects\sprint-boot-web-david\src\test\resources
2023-06-04 13:12:58,589 [Worker-65: Building] INFO  o.a.m.s.f.DefaultMavenResourcesFiltering - Copying 1 resource from src\main\resources to target\classes
2023-06-04 13:12:58,606 [Worker-65: Building] INFO  o.a.m.s.f.DefaultMavenResourcesFiltering - Copying 1 resource from src\main\resources to target\classes
2023-06-04 13:12:58,610 [Worker-65: Building] INFO  o.a.m.s.f.DefaultMavenResourcesFiltering - skip non existing resourceDirectory C:\Users\jcardero\Desktop\Dev\Learming\Udemy\Spring-Framework-&-Spring-Boot-desde-cero-a-experto\Projects\sprint-boot-web-david\src\test\resources
2023-06-04 13:18:07,486 [Worker-69: Building] INFO  o.a.m.s.f.DefaultMavenResourcesFiltering - Copying 1 resource from src\main\resources to target\classes
2023-06-04 13:18:07,508 [Worker-69: Building] INFO  o.a.m.s.f.DefaultMavenResourcesFiltering - Copying 1 resource from src\main\resources to target\classes
2023-06-04 13:18:07,514 [Worker-69: Building] INFO  o.a.m.s.f.DefaultMavenResourcesFiltering - skip non existing resourceDirectory C:\Users\jcardero\Desktop\Dev\Learming\Udemy\Spring-Framework-&-Spring-Boot-desde-cero-a-experto\Projects\sprint-boot-web-david\src\test\resources
2023-06-04 13:19:15,114 [Worker-70: Building] INFO  o.a.m.s.f.DefaultMavenResourcesFiltering - Copying 1 resource from src\main\resources to target\classes
2023-06-04 13:19:15,120 [Worker-70: Building] INFO  o.a.m.s.f.DefaultMavenResourcesFiltering - Copying 1 resource from src\main\resources to target\classes
2023-06-04 13:19:15,126 [Worker-70: Building] INFO  o.a.m.s.f.DefaultMavenResourcesFiltering - skip non existing resourceDirectory C:\Users\jcardero\Desktop\Dev\Learming\Udemy\Spring-Framework-&-Spring-Boot-desde-cero-a-experto\Projects\sprint-boot-web-david\src\test\resources
2023-06-04 13:20:22,190 [Worker-69: Building] INFO  o.a.m.s.f.DefaultMavenResourcesFiltering - Copying 1 resource from src\main\resources to target\classes
2023-06-04 13:20:22,200 [Worker-69: Building] INFO  o.a.m.s.f.DefaultMavenResourcesFiltering - Copying 1 resource from src\main\resources to target\classes
2023-06-04 13:20:22,205 [Worker-69: Building] INFO  o.a.m.s.f.DefaultMavenResourcesFiltering - skip non existing resourceDirectory C:\Users\jcardero\Desktop\Dev\Learming\Udemy\Spring-Framework-&-Spring-Boot-desde-cero-a-experto\Projects\sprint-boot-web-david\src\test\resources
2023-06-04 13:21:23,410 [Worker-71: Building] INFO  o.a.m.s.f.DefaultMavenResourcesFiltering - Copying 1 resource from src\main\resources to target\classes
2023-06-04 13:21:23,426 [Worker-71: Building] INFO  o.a.m.s.f.DefaultMavenResourcesFiltering - Copying 1 resource from src\main\resources to target\classes
2023-06-04 13:21:23,430 [Worker-71: Building] INFO  o.a.m.s.f.DefaultMavenResourcesFiltering - skip non existing resourceDirectory C:\Users\jcardero\Desktop\Dev\Learming\Udemy\Spring-Framework-&-Spring-Boot-desde-cero-a-experto\Projects\sprint-boot-web-david\src\test\resources
2023-06-04 13:21:36,745 [Worker-58: Building] INFO  o.a.m.s.f.DefaultMavenResourcesFiltering - Copying 1 resource from src\main\resources to target\classes
2023-06-04 13:21:36,751 [Worker-58: Building] INFO  o.a.m.s.f.DefaultMavenResourcesFiltering - Copying 1 resource from src\main\resources to target\classes
2023-06-04 13:21:36,759 [Worker-58: Building] INFO  o.a.m.s.f.DefaultMavenResourcesFiltering - skip non existing resourceDirectory C:\Users\jcardero\Desktop\Dev\Learming\Udemy\Spring-Framework-&-Spring-Boot-desde-cero-a-experto\Projects\sprint-boot-web-david\src\test\resources
2023-06-04 13:25:21,406 [Worker-68: Building] INFO  o.a.m.s.f.DefaultMavenResourcesFiltering - Copying 1 resource from src\main\resources to target\classes
2023-06-04 13:25:21,411 [Worker-68: Building] INFO  o.a.m.s.f.DefaultMavenResourcesFiltering - Copying 1 resource from src\main\resources to target\classes
2023-06-04 13:25:21,416 [Worker-68: Building] INFO  o.a.m.s.f.DefaultMavenResourcesFiltering - skip non existing resourceDirectory C:\Users\jcardero\Desktop\Dev\Learming\Udemy\Spring-Framework-&-Spring-Boot-desde-cero-a-experto\Projects\sprint-boot-web-david\src\test\resources
2023-06-04 13:31:19,013 [Worker-75: Building] INFO  o.a.m.s.f.DefaultMavenResourcesFiltering - Copying 1 resource from src\main\resources to target\classes
2023-06-04 13:31:19,020 [Worker-75: Building] INFO  o.a.m.s.f.DefaultMavenResourcesFiltering - Copying 1 resource from src\main\resources to target\classes
2023-06-04 13:31:19,025 [Worker-75: Building] INFO  o.a.m.s.f.DefaultMavenResourcesFiltering - skip non existing resourceDirectory C:\Users\jcardero\Desktop\Dev\Learming\Udemy\Spring-Framework-&-Spring-Boot-desde-cero-a-experto\Projects\sprint-boot-web-david\src\test\resources
2023-06-04 13:31:50,562 [Worker-75: Building] INFO  o.a.m.s.f.DefaultMavenResourcesFiltering - Copying 1 resource from src\main\resources to target\classes
2023-06-04 13:31:50,568 [Worker-75: Building] INFO  o.a.m.s.f.DefaultMavenResourcesFiltering - Copying 1 resource from src\main\resources to target\classes
2023-06-04 13:31:50,573 [Worker-75: Building] INFO  o.a.m.s.f.DefaultMavenResourcesFiltering - skip non existing resourceDirectory C:\Users\jcardero\Desktop\Dev\Learming\Udemy\Spring-Framework-&-Spring-Boot-desde-cero-a-experto\Projects\sprint-boot-web-david\src\test\resources
2023-06-04 13:32:30,639 [Worker-73: Building] INFO  o.a.m.s.f.DefaultMavenResourcesFiltering - Copying 0 resource from src\main\resources to target\classes
2023-06-04 13:32:30,641 [Worker-73: Building] INFO  o.a.m.s.f.DefaultMavenResourcesFiltering - Copying 1 resource from src\main\resources to target\classes
2023-06-04 13:32:30,646 [Worker-73: Building] INFO  o.a.m.s.f.DefaultMavenResourcesFiltering - skip non existing resourceDirectory C:\Users\jcardero\Desktop\Dev\Learming\Udemy\Spring-Framework-&-Spring-Boot-desde-cero-a-experto\Projects\sprint-boot-web-david\src\test\resources
2023-06-04 13:33:54,885 [Worker-68: Building] INFO  o.a.m.s.f.DefaultMavenResourcesFiltering - Copying 0 resource from src\main\resources to target\classes
2023-06-04 13:33:54,886 [Worker-68: Building] INFO  o.a.m.s.f.DefaultMavenResourcesFiltering - Copying 1 resource from src\main\resources to target\classes
2023-06-04 13:33:54,891 [Worker-68: Building] INFO  o.a.m.s.f.DefaultMavenResourcesFiltering - skip non existing resourceDirectory C:\Users\jcardero\Desktop\Dev\Learming\Udemy\Spring-Framework-&-Spring-Boot-desde-cero-a-experto\Projects\sprint-boot-web-david\src\test\resources
2023-06-04 13:35:55,425 [Worker-77: Building] INFO  o.a.m.s.f.DefaultMavenResourcesFiltering - Copying 1 resource from src\main\resources to target\classes
2023-06-04 13:35:55,434 [Worker-77: Building] INFO  o.a.m.s.f.DefaultMavenResourcesFiltering - Copying 2 resources from src\main\resources to target\classes
2023-06-04 13:35:55,442 [Worker-77: Building] INFO  o.a.m.s.f.DefaultMavenResourcesFiltering - skip non existing resourceDirectory C:\Users\jcardero\Desktop\Dev\Learming\Udemy\Spring-Framework-&-Spring-Boot-desde-cero-a-experto\Projects\sprint-boot-web-david\src\test\resources
2023-06-04 13:36:33,974 [Worker-50: Building] INFO  o.a.m.s.f.DefaultMavenResourcesFiltering - Copying 0 resource from src\main\resources to target\classes
2023-06-04 13:36:33,975 [Worker-50: Building] INFO  o.a.m.s.f.DefaultMavenResourcesFiltering - Copying 1 resource from src\main\resources to target\classes
2023-06-04 13:36:33,979 [Worker-50: Building] INFO  o.a.m.s.f.DefaultMavenResourcesFiltering - skip non existing resourceDirectory C:\Users\jcardero\Desktop\Dev\Learming\Udemy\Spring-Framework-&-Spring-Boot-desde-cero-a-experto\Projects\sprint-boot-web-david\src\test\resources
2023-06-04 13:37:01,899 [Worker-50: Building] INFO  o.a.m.s.f.DefaultMavenResourcesFiltering - Copying 0 resource from src\main\resources to target\classes
2023-06-04 13:37:01,900 [Worker-50: Building] INFO  o.a.m.s.f.DefaultMavenResourcesFiltering - Copying 1 resource from src\main\resources to target\classes
2023-06-04 13:37:01,904 [Worker-50: Building] INFO  o.a.m.s.f.DefaultMavenResourcesFiltering - skip non existing resourceDirectory C:\Users\jcardero\Desktop\Dev\Learming\Udemy\Spring-Framework-&-Spring-Boot-desde-cero-a-experto\Projects\sprint-boot-web-david\src\test\resources
2023-06-04 13:37:16,523 [Worker-68: Building] INFO  o.a.m.s.f.DefaultMavenResourcesFiltering - Copying 0 resource from src\main\resources to target\classes
2023-06-04 13:37:16,523 [Worker-68: Building] INFO  o.a.m.s.f.DefaultMavenResourcesFiltering - Copying 1 resource from src\main\resources to target\classes
2023-06-04 13:37:16,528 [Worker-68: Building] INFO  o.a.m.s.f.DefaultMavenResourcesFiltering - skip non existing resourceDirectory C:\Users\jcardero\Desktop\Dev\Learming\Udemy\Spring-Framework-&-Spring-Boot-desde-cero-a-experto\Projects\sprint-boot-web-david\src\test\resources
2023-06-04 13:39:34,010 [Worker-81: Building] INFO  o.a.m.s.f.DefaultMavenResourcesFiltering - Copying 1 resource from src\main\resources to target\classes
2023-06-04 13:39:34,015 [Worker-81: Building] INFO  o.a.m.s.f.DefaultMavenResourcesFiltering - Copying 2 resources from src\main\resources to target\classes
2023-06-04 13:39:34,020 [Worker-81: Building] INFO  o.a.m.s.f.DefaultMavenResourcesFiltering - skip non existing resourceDirectory C:\Users\jcardero\Desktop\Dev\Learming\Udemy\Spring-Framework-&-Spring-Boot-desde-cero-a-experto\Projects\sprint-boot-web-david\src\test\resources
2023-06-04 13:40:38,890 [Worker-81: Building] INFO  o.a.m.s.f.DefaultMavenResourcesFiltering - Copying 1 resource from src\main\resources to target\classes
2023-06-04 13:40:38,895 [Worker-81: Building] INFO  o.a.m.s.f.DefaultMavenResourcesFiltering - Copying 2 resources from src\main\resources to target\classes
2023-06-04 13:40:38,898 [Worker-81: Building] INFO  o.a.m.s.f.DefaultMavenResourcesFiltering - skip non existing resourceDirectory C:\Users\jcardero\Desktop\Dev\Learming\Udemy\Spring-Framework-&-Spring-Boot-desde-cero-a-experto\Projects\sprint-boot-web-david\src\test\resources
2023-06-04 13:41:22,960 [Worker-82: Building] INFO  o.a.m.s.f.DefaultMavenResourcesFiltering - Copying 1 resource from src\main\resources to target\classes
2023-06-04 13:41:22,967 [Worker-82: Building] INFO  o.a.m.s.f.DefaultMavenResourcesFiltering - Copying 2 resources from src\main\resources to target\classes
2023-06-04 13:41:22,972 [Worker-82: Building] INFO  o.a.m.s.f.DefaultMavenResourcesFiltering - skip non existing resourceDirectory C:\Users\jcardero\Desktop\Dev\Learming\Udemy\Spring-Framework-&-Spring-Boot-desde-cero-a-experto\Projects\sprint-boot-web-david\src\test\resources
2023-06-04 14:07:09,729 [Worker-91: Building] INFO  o.a.m.s.f.DefaultMavenResourcesFiltering - Copying 1 resource from src\main\resources to target\classes
2023-06-04 14:07:09,737 [Worker-91: Building] INFO  o.a.m.s.f.DefaultMavenResourcesFiltering - Copying 2 resources from src\main\resources to target\classes
2023-06-04 14:07:09,742 [Worker-91: Building] INFO  o.a.m.s.f.DefaultMavenResourcesFiltering - skip non existing resourceDirectory C:\Users\jcardero\Desktop\Dev\Learming\Udemy\Spring-Framework-&-Spring-Boot-desde-cero-a-experto\Projects\sprint-boot-web-david\src\test\resources
2023-06-04 14:08:57,343 [Worker-92: Building] INFO  o.a.m.s.f.DefaultMavenResourcesFiltering - Copying 0 resource from src\main\resources to target\classes
2023-06-04 14:08:57,343 [Worker-92: Building] INFO  o.a.m.s.f.DefaultMavenResourcesFiltering - Copying 1 resource from src\main\resources to target\classes
2023-06-04 14:08:57,348 [Worker-92: Building] INFO  o.a.m.s.f.DefaultMavenResourcesFiltering - skip non existing resourceDirectory C:\Users\jcardero\Desktop\Dev\Learming\Udemy\Spring-Framework-&-Spring-Boot-desde-cero-a-experto\Projects\sprint-boot-web-david\src\test\resources
2023-06-04 14:09:20,052 [Worker-87: Building] INFO  o.a.m.s.f.DefaultMavenResourcesFiltering - Copying 0 resource from src\main\resources to target\classes
2023-06-04 14:09:20,053 [Worker-87: Building] INFO  o.a.m.s.f.DefaultMavenResourcesFiltering - Copying 1 resource from src\main\resources to target\classes
2023-06-04 14:09:20,058 [Worker-87: Building] INFO  o.a.m.s.f.DefaultMavenResourcesFiltering - skip non existing resourceDirectory C:\Users\jcardero\Desktop\Dev\Learming\Udemy\Spring-Framework-&-Spring-Boot-desde-cero-a-experto\Projects\sprint-boot-web-david\src\test\resources
2023-06-04 14:10:11,678 [Worker-92: Building] INFO  o.a.m.s.f.DefaultMavenResourcesFiltering - Copying 0 resource from src\main\resources to target\classes
2023-06-04 14:10:11,678 [Worker-92: Building] INFO  o.a.m.s.f.DefaultMavenResourcesFiltering - Copying 1 resource from src\main\resources to target\classes
2023-06-04 14:10:11,685 [Worker-92: Building] INFO  o.a.m.s.f.DefaultMavenResourcesFiltering - skip non existing resourceDirectory C:\Users\jcardero\Desktop\Dev\Learming\Udemy\Spring-Framework-&-Spring-Boot-desde-cero-a-experto\Projects\sprint-boot-web-david\src\test\resources
2023-06-04 14:10:51,861 [Worker-89: Building] INFO  o.a.m.s.f.DefaultMavenResourcesFiltering - Copying 1 resource from src\main\resources to target\classes
2023-06-04 14:10:51,866 [Worker-89: Building] INFO  o.a.m.s.f.DefaultMavenResourcesFiltering - Copying 2 resources from src\main\resources to target\classes
2023-06-04 14:10:51,869 [Worker-89: Building] INFO  o.a.m.s.f.DefaultMavenResourcesFiltering - skip non existing resourceDirectory C:\Users\jcardero\Desktop\Dev\Learming\Udemy\Spring-Framework-&-Spring-Boot-desde-cero-a-experto\Projects\sprint-boot-web-david\src\test\resources
2023-06-04 14:11:27,494 [Worker-93: Building] INFO  o.a.m.s.f.DefaultMavenResourcesFiltering - Copying 0 resource from src\main\resources to target\classes
2023-06-04 14:11:27,494 [Worker-93: Building] INFO  o.a.m.s.f.DefaultMavenResourcesFiltering - Copying 1 resource from src\main\resources to target\classes
2023-06-04 14:11:27,499 [Worker-93: Building] INFO  o.a.m.s.f.DefaultMavenResourcesFiltering - skip non existing resourceDirectory C:\Users\jcardero\Desktop\Dev\Learming\Udemy\Spring-Framework-&-Spring-Boot-desde-cero-a-experto\Projects\sprint-boot-web-david\src\test\resources
2023-06-04 14:15:46,776 [Worker-93: Building] INFO  o.a.m.s.f.DefaultMavenResourcesFiltering - Copying 0 resource from src\main\resources to target\classes
2023-06-04 14:15:46,778 [Worker-93: Building] INFO  o.a.m.s.f.DefaultMavenResourcesFiltering - Copying 1 resource from src\main\resources to target\classes
2023-06-04 14:15:46,785 [Worker-93: Building] INFO  o.a.m.s.f.DefaultMavenResourcesFiltering - skip non existing resourceDirectory C:\Users\jcardero\Desktop\Dev\Learming\Udemy\Spring-Framework-&-Spring-Boot-desde-cero-a-experto\Projects\sprint-boot-web-david\src\test\resources
2023-06-04 14:16:09,588 [Worker-92: Building] INFO  o.a.m.s.f.DefaultMavenResourcesFiltering - Copying 1 resource from src\main\resources to target\classes
2023-06-04 14:16:09,596 [Worker-92: Building] INFO  o.a.m.s.f.DefaultMavenResourcesFiltering - Copying 3 resources from src\main\resources to target\classes
2023-06-04 14:16:09,603 [Worker-92: Building] INFO  o.a.m.s.f.DefaultMavenResourcesFiltering - skip non existing resourceDirectory C:\Users\jcardero\Desktop\Dev\Learming\Udemy\Spring-Framework-&-Spring-Boot-desde-cero-a-experto\Projects\sprint-boot-web-david\src\test\resources
2023-06-04 14:17:31,352 [Worker-87: Building] INFO  o.a.m.s.f.DefaultMavenResourcesFiltering - Copying 0 resource from src\main\resources to target\classes
2023-06-04 14:17:31,352 [Worker-87: Building] INFO  o.a.m.s.f.DefaultMavenResourcesFiltering - Copying 1 resource from src\main\resources to target\classes
2023-06-04 14:17:31,357 [Worker-87: Building] INFO  o.a.m.s.f.DefaultMavenResourcesFiltering - skip non existing resourceDirectory C:\Users\jcardero\Desktop\Dev\Learming\Udemy\Spring-Framework-&-Spring-Boot-desde-cero-a-experto\Projects\sprint-boot-web-david\src\test\resources
2023-06-04 14:19:11,042 [Worker-99: Building] INFO  o.a.m.s.f.DefaultMavenResourcesFiltering - Copying 0 resource from src\main\resources to target\classes
2023-06-04 14:19:11,043 [Worker-99: Building] INFO  o.a.m.s.f.DefaultMavenResourcesFiltering - Copying 1 resource from src\main\resources to target\classes
2023-06-04 14:19:11,048 [Worker-99: Building] INFO  o.a.m.s.f.DefaultMavenResourcesFiltering - skip non existing resourceDirectory C:\Users\jcardero\Desktop\Dev\Learming\Udemy\Spring-Framework-&-Spring-Boot-desde-cero-a-experto\Projects\sprint-boot-web-david\src\test\resources
2023-06-04 14:20:16,260 [Worker-99: Building] INFO  o.a.m.s.f.DefaultMavenResourcesFiltering - Copying 0 resource from src\main\resources to target\classes
2023-06-04 14:20:16,261 [Worker-99: Building] INFO  o.a.m.s.f.DefaultMavenResourcesFiltering - Copying 1 resource from src\main\resources to target\classes
2023-06-04 14:20:16,265 [Worker-99: Building] INFO  o.a.m.s.f.DefaultMavenResourcesFiltering - skip non existing resourceDirectory C:\Users\jcardero\Desktop\Dev\Learming\Udemy\Spring-Framework-&-Spring-Boot-desde-cero-a-experto\Projects\sprint-boot-web-david\src\test\resources
2023-06-04 14:25:33,663 [Worker-101: Building] INFO  o.a.m.s.f.DefaultMavenResourcesFiltering - Copying 1 resource from src\main\resources to target\classes
2023-06-04 14:25:33,672 [Worker-101: Building] INFO  o.a.m.s.f.DefaultMavenResourcesFiltering - Copying 3 resources from src\main\resources to target\classes
2023-06-04 14:25:33,677 [Worker-101: Building] INFO  o.a.m.s.f.DefaultMavenResourcesFiltering - skip non existing resourceDirectory C:\Users\jcardero\Desktop\Dev\Learming\Udemy\Spring-Framework-&-Spring-Boot-desde-cero-a-experto\Projects\sprint-boot-web-david\src\test\resources
2023-06-04 14:27:16,550 [Worker-101: Building] INFO  o.a.m.s.f.DefaultMavenResourcesFiltering - Copying 1 resource from src\main\resources to target\classes
2023-06-04 14:27:16,556 [Worker-101: Building] INFO  o.a.m.s.f.DefaultMavenResourcesFiltering - Copying 3 resources from src\main\resources to target\classes
2023-06-04 14:27:16,561 [Worker-101: Building] INFO  o.a.m.s.f.DefaultMavenResourcesFiltering - skip non existing resourceDirectory C:\Users\jcardero\Desktop\Dev\Learming\Udemy\Spring-Framework-&-Spring-Boot-desde-cero-a-experto\Projects\sprint-boot-web-david\src\test\resources
2023-06-04 14:28:53,361 [Worker-106: Building] INFO  o.a.m.s.f.DefaultMavenResourcesFiltering - Copying 1 resource from src\main\resources to target\classes
2023-06-04 14:28:53,367 [Worker-106: Building] INFO  o.a.m.s.f.DefaultMavenResourcesFiltering - Copying 3 resources from src\main\resources to target\classes
2023-06-04 14:28:53,370 [Worker-106: Building] INFO  o.a.m.s.f.DefaultMavenResourcesFiltering - skip non existing resourceDirectory C:\Users\jcardero\Desktop\Dev\Learming\Udemy\Spring-Framework-&-Spring-Boot-desde-cero-a-experto\Projects\sprint-boot-web-david\src\test\resources
2023-06-04 14:32:31,041 [Worker-108: Building] INFO  o.a.m.s.f.DefaultMavenResourcesFiltering - Copying 0 resource from src\main\resources to target\classes
2023-06-04 14:32:31,041 [Worker-108: Building] INFO  o.a.m.s.f.DefaultMavenResourcesFiltering - Copying 1 resource from src\main\resources to target\classes
2023-06-04 14:32:31,047 [Worker-108: Building] INFO  o.a.m.s.f.DefaultMavenResourcesFiltering - skip non existing resourceDirectory C:\Users\jcardero\Desktop\Dev\Learming\Udemy\Spring-Framework-&-Spring-Boot-desde-cero-a-experto\Projects\sprint-boot-web-david\src\test\resources
2023-06-04 14:36:47,896 [Worker-107: Building] INFO  o.a.m.s.f.DefaultMavenResourcesFiltering - Copying 0 resource from src\main\resources to target\classes
2023-06-04 14:36:47,897 [Worker-107: Building] INFO  o.a.m.s.f.DefaultMavenResourcesFiltering - Copying 1 resource from src\main\resources to target\classes
2023-06-04 14:36:47,902 [Worker-107: Building] INFO  o.a.m.s.f.DefaultMavenResourcesFiltering - skip non existing resourceDirectory C:\Users\jcardero\Desktop\Dev\Learming\Udemy\Spring-Framework-&-Spring-Boot-desde-cero-a-experto\Projects\sprint-boot-web-david\src\test\resources
2023-06-04 14:38:07,244 [Worker-109: Building] INFO  o.a.m.s.f.DefaultMavenResourcesFiltering - Copying 0 resource from src\main\resources to target\classes
2023-06-04 14:38:07,245 [Worker-109: Building] INFO  o.a.m.s.f.DefaultMavenResourcesFiltering - Copying 1 resource from src\main\resources to target\classes
2023-06-04 14:38:07,249 [Worker-109: Building] INFO  o.a.m.s.f.DefaultMavenResourcesFiltering - skip non existing resourceDirectory C:\Users\jcardero\Desktop\Dev\Learming\Udemy\Spring-Framework-&-Spring-Boot-desde-cero-a-experto\Projects\sprint-boot-web-david\src\test\resources
2023-06-04 14:41:25,385 [Worker-114: Building] INFO  o.a.m.s.f.DefaultMavenResourcesFiltering - Copying 0 resource from src\main\resources to target\classes
2023-06-04 14:41:25,386 [Worker-114: Building] INFO  o.a.m.s.f.DefaultMavenResourcesFiltering - Copying 1 resource from src\main\resources to target\classes
2023-06-04 14:41:25,391 [Worker-114: Building] INFO  o.a.m.s.f.DefaultMavenResourcesFiltering - skip non existing resourceDirectory C:\Users\jcardero\Desktop\Dev\Learming\Udemy\Spring-Framework-&-Spring-Boot-desde-cero-a-experto\Projects\sprint-boot-web-david\src\test\resources
2023-06-04 14:44:00,844 [Worker-107: Building] INFO  o.a.m.s.f.DefaultMavenResourcesFiltering - Copying 0 resource from src\main\resources to target\classes
2023-06-04 14:44:00,844 [Worker-107: Building] INFO  o.a.m.s.f.DefaultMavenResourcesFiltering - Copying 1 resource from src\main\resources to target\classes
2023-06-04 14:44:00,848 [Worker-107: Building] INFO  o.a.m.s.f.DefaultMavenResourcesFiltering - skip non existing resourceDirectory C:\Users\jcardero\Desktop\Dev\Learming\Udemy\Spring-Framework-&-Spring-Boot-desde-cero-a-experto\Projects\sprint-boot-web-david\src\test\resources
2023-06-04 14:44:30,572 [Worker-117: Building] INFO  o.a.m.s.f.DefaultMavenResourcesFiltering - Copying 0 resource from src\main\resources to target\classes
2023-06-04 14:44:30,572 [Worker-117: Building] INFO  o.a.m.s.f.DefaultMavenResourcesFiltering - Copying 1 resource from src\main\resources to target\classes
2023-06-04 14:44:30,576 [Worker-117: Building] INFO  o.a.m.s.f.DefaultMavenResourcesFiltering - skip non existing resourceDirectory C:\Users\jcardero\Desktop\Dev\Learming\Udemy\Spring-Framework-&-Spring-Boot-desde-cero-a-experto\Projects\sprint-boot-web-david\src\test\resources
2023-06-04 14:45:38,841 [Worker-119: Building] INFO  o.a.m.s.f.DefaultMavenResourcesFiltering - Copying 0 resource from src\main\resources to target\classes
2023-06-04 14:45:38,841 [Worker-119: Building] INFO  o.a.m.s.f.DefaultMavenResourcesFiltering - Copying 1 resource from src\main\resources to target\classes
2023-06-04 14:45:38,848 [Worker-119: Building] INFO  o.a.m.s.f.DefaultMavenResourcesFiltering - skip non existing resourceDirectory C:\Users\jcardero\Desktop\Dev\Learming\Udemy\Spring-Framework-&-Spring-Boot-desde-cero-a-experto\Projects\sprint-boot-web-david\src\test\resources
2023-06-04 14:45:58,426 [Worker-120: Building] INFO  o.a.m.s.f.DefaultMavenResourcesFiltering - Copying 0 resource from src\main\resources to target\classes
2023-06-04 14:45:58,427 [Worker-120: Building] INFO  o.a.m.s.f.DefaultMavenResourcesFiltering - Copying 1 resource from src\main\resources to target\classes
2023-06-04 14:45:58,432 [Worker-120: Building] INFO  o.a.m.s.f.DefaultMavenResourcesFiltering - skip non existing resourceDirectory C:\Users\jcardero\Desktop\Dev\Learming\Udemy\Spring-Framework-&-Spring-Boot-desde-cero-a-experto\Projects\sprint-boot-web-david\src\test\resources
2023-06-04 14:47:17,054 [Worker-107: Building] INFO  o.a.m.s.f.DefaultMavenResourcesFiltering - Copying 0 resource from src\main\resources to target\classes
2023-06-04 14:47:17,055 [Worker-107: Building] INFO  o.a.m.s.f.DefaultMavenResourcesFiltering - Copying 1 resource from src\main\resources to target\classes
2023-06-04 14:47:17,059 [Worker-107: Building] INFO  o.a.m.s.f.DefaultMavenResourcesFiltering - skip non existing resourceDirectory C:\Users\jcardero\Desktop\Dev\Learming\Udemy\Spring-Framework-&-Spring-Boot-desde-cero-a-experto\Projects\sprint-boot-web-david\src\test\resources
2023-06-04 14:47:50,937 [Worker-121: Building] INFO  o.a.m.s.f.DefaultMavenResourcesFiltering - Copying 0 resource from src\main\resources to target\classes
2023-06-04 14:47:50,938 [Worker-121: Building] INFO  o.a.m.s.f.DefaultMavenResourcesFiltering - Copying 1 resource from src\main\resources to target\classes
2023-06-04 14:47:50,944 [Worker-121: Building] INFO  o.a.m.s.f.DefaultMavenResourcesFiltering - skip non existing resourceDirectory C:\Users\jcardero\Desktop\Dev\Learming\Udemy\Spring-Framework-&-Spring-Boot-desde-cero-a-experto\Projects\sprint-boot-web-david\src\test\resources
2023-06-04 14:48:17,222 [Worker-121: Building] INFO  o.a.m.s.f.DefaultMavenResourcesFiltering - Copying 0 resource from src\main\resources to target\classes
2023-06-04 14:48:17,222 [Worker-121: Building] INFO  o.a.m.s.f.DefaultMavenResourcesFiltering - Copying 1 resource from src\main\resources to target\classes
2023-06-04 14:48:17,226 [Worker-121: Building] INFO  o.a.m.s.f.DefaultMavenResourcesFiltering - skip non existing resourceDirectory C:\Users\jcardero\Desktop\Dev\Learming\Udemy\Spring-Framework-&-Spring-Boot-desde-cero-a-experto\Projects\sprint-boot-web-david\src\test\resources
2023-06-04 14:57:01,784 [Worker-131: Building] INFO  o.a.m.s.f.DefaultMavenResourcesFiltering - Copying 0 resource from src\main\resources to target\classes
2023-06-04 14:57:01,785 [Worker-131: Building] INFO  o.a.m.s.f.DefaultMavenResourcesFiltering - Copying 1 resource from src\main\resources to target\classes
2023-06-04 14:57:01,789 [Worker-131: Building] INFO  o.a.m.s.f.DefaultMavenResourcesFiltering - skip non existing resourceDirectory C:\Users\jcardero\Desktop\Dev\Learming\Udemy\Spring-Framework-&-Spring-Boot-desde-cero-a-experto\Projects\sprint-boot-web-david\src\test\resources
2023-06-04 14:59:20,887 [Worker-134: Building] INFO  o.a.m.s.f.DefaultMavenResourcesFiltering - Copying 0 resource from src\main\resources to target\classes
2023-06-04 14:59:20,887 [Worker-134: Building] INFO  o.a.m.s.f.DefaultMavenResourcesFiltering - Copying 1 resource from src\main\resources to target\classes
2023-06-04 14:59:20,891 [Worker-134: Building] INFO  o.a.m.s.f.DefaultMavenResourcesFiltering - skip non existing resourceDirectory C:\Users\jcardero\Desktop\Dev\Learming\Udemy\Spring-Framework-&-Spring-Boot-desde-cero-a-experto\Projects\sprint-boot-web-david\src\test\resources
2023-06-04 15:00:03,851 [Worker-134: Building] INFO  o.a.m.s.f.DefaultMavenResourcesFiltering - Copying 0 resource from src\main\resources to target\classes
2023-06-04 15:00:03,852 [Worker-134: Building] INFO  o.a.m.s.f.DefaultMavenResourcesFiltering - Copying 1 resource from src\main\resources to target\classes
2023-06-04 15:00:03,856 [Worker-134: Building] INFO  o.a.m.s.f.DefaultMavenResourcesFiltering - skip non existing resourceDirectory C:\Users\jcardero\Desktop\Dev\Learming\Udemy\Spring-Framework-&-Spring-Boot-desde-cero-a-experto\Projects\sprint-boot-web-david\src\test\resources
2023-06-04 15:00:29,621 [Worker-134: Building] INFO  o.a.m.s.f.DefaultMavenResourcesFiltering - Copying 0 resource from src\main\resources to target\classes
2023-06-04 15:00:29,622 [Worker-134: Building] INFO  o.a.m.s.f.DefaultMavenResourcesFiltering - Copying 1 resource from src\main\resources to target\classes
2023-06-04 15:00:29,626 [Worker-134: Building] INFO  o.a.m.s.f.DefaultMavenResourcesFiltering - skip non existing resourceDirectory C:\Users\jcardero\Desktop\Dev\Learming\Udemy\Spring-Framework-&-Spring-Boot-desde-cero-a-experto\Projects\sprint-boot-web-david\src\test\resources
2023-06-04 15:00:57,087 [Worker-135: Building] INFO  o.a.m.s.f.DefaultMavenResourcesFiltering - Copying 0 resource from src\main\resources to target\classes
2023-06-04 15:00:57,087 [Worker-135: Building] INFO  o.a.m.s.f.DefaultMavenResourcesFiltering - Copying 1 resource from src\main\resources to target\classes
2023-06-04 15:00:57,092 [Worker-135: Building] INFO  o.a.m.s.f.DefaultMavenResourcesFiltering - skip non existing resourceDirectory C:\Users\jcardero\Desktop\Dev\Learming\Udemy\Spring-Framework-&-Spring-Boot-desde-cero-a-experto\Projects\sprint-boot-web-david\src\test\resources
2023-06-04 15:03:29,790 [Worker-137: Building] INFO  o.a.m.s.f.DefaultMavenResourcesFiltering - Copying 1 resource from src\main\resources to target\classes
2023-06-04 15:03:29,798 [Worker-137: Building] INFO  o.a.m.s.f.DefaultMavenResourcesFiltering - Copying 3 resources from src\main\resources to target\classes
2023-06-04 15:03:29,802 [Worker-137: Building] INFO  o.a.m.s.f.DefaultMavenResourcesFiltering - skip non existing resourceDirectory C:\Users\jcardero\Desktop\Dev\Learming\Udemy\Spring-Framework-&-Spring-Boot-desde-cero-a-experto\Projects\sprint-boot-web-david\src\test\resources
2023-06-04 15:04:07,151 [Worker-132: Building] INFO  o.a.m.s.f.DefaultMavenResourcesFiltering - Copying 1 resource from src\main\resources to target\classes
2023-06-04 15:04:07,170 [Worker-132: Building] INFO  o.a.m.s.f.DefaultMavenResourcesFiltering - Copying 3 resources from src\main\resources to target\classes
2023-06-04 15:04:07,174 [Worker-132: Building] INFO  o.a.m.s.f.DefaultMavenResourcesFiltering - skip non existing resourceDirectory C:\Users\jcardero\Desktop\Dev\Learming\Udemy\Spring-Framework-&-Spring-Boot-desde-cero-a-experto\Projects\sprint-boot-web-david\src\test\resources
2023-06-04 15:04:16,894 [Worker-132: Building] INFO  o.a.m.s.f.DefaultMavenResourcesFiltering - Copying 1 resource from src\main\resources to target\classes
2023-06-04 15:04:16,915 [Worker-132: Building] INFO  o.a.m.s.f.DefaultMavenResourcesFiltering - Copying 3 resources from src\main\resources to target\classes
2023-06-04 15:04:16,922 [Worker-132: Building] INFO  o.a.m.s.f.DefaultMavenResourcesFiltering - skip non existing resourceDirectory C:\Users\jcardero\Desktop\Dev\Learming\Udemy\Spring-Framework-&-Spring-Boot-desde-cero-a-experto\Projects\sprint-boot-web-david\src\test\resources
2023-06-04 15:08:43,329 [Worker-139: Building] INFO  o.a.m.s.f.DefaultMavenResourcesFiltering - Copying 1 resource from src\main\resources to target\classes
2023-06-04 15:08:43,336 [Worker-139: Building] INFO  o.a.m.s.f.DefaultMavenResourcesFiltering - Copying 3 resources from src\main\resources to target\classes
2023-06-04 15:08:43,340 [Worker-139: Building] INFO  o.a.m.s.f.DefaultMavenResourcesFiltering - skip non existing resourceDirectory C:\Users\jcardero\Desktop\Dev\Learming\Udemy\Spring-Framework-&-Spring-Boot-desde-cero-a-experto\Projects\sprint-boot-web-david\src\test\resources
2023-06-04 15:10:13,621 [Worker-146: Building] INFO  o.a.m.s.f.DefaultMavenResourcesFiltering - Copying 0 resource from src\main\resources to target\classes
2023-06-04 15:10:13,621 [Worker-146: Building] INFO  o.a.m.s.f.DefaultMavenResourcesFiltering - Copying 1 resource from src\main\resources to target\classes
2023-06-04 15:10:13,625 [Worker-146: Building] INFO  o.a.m.s.f.DefaultMavenResourcesFiltering - skip non existing resourceDirectory C:\Users\jcardero\Desktop\Dev\Learming\Udemy\Spring-Framework-&-Spring-Boot-desde-cero-a-experto\Projects\sprint-boot-web-david\src\test\resources
2023-06-04 15:11:34,855 [Worker-142: Building] INFO  o.a.m.s.f.DefaultMavenResourcesFiltering - Copying 1 resource from src\main\resources to target\classes
2023-06-04 15:11:34,860 [Worker-142: Building] INFO  o.a.m.s.f.DefaultMavenResourcesFiltering - Copying 3 resources from src\main\resources to target\classes
2023-06-04 15:11:34,864 [Worker-142: Building] INFO  o.a.m.s.f.DefaultMavenResourcesFiltering - skip non existing resourceDirectory C:\Users\jcardero\Desktop\Dev\Learming\Udemy\Spring-Framework-&-Spring-Boot-desde-cero-a-experto\Projects\sprint-boot-web-david\src\test\resources
2023-06-04 15:12:01,569 [Worker-147: Building] INFO  o.a.m.s.f.DefaultMavenResourcesFiltering - Copying 1 resource from src\main\resources to target\classes
2023-06-04 15:12:01,575 [Worker-147: Building] INFO  o.a.m.s.f.DefaultMavenResourcesFiltering - Copying 3 resources from src\main\resources to target\classes
2023-06-04 15:12:01,580 [Worker-147: Building] INFO  o.a.m.s.f.DefaultMavenResourcesFiltering - skip non existing resourceDirectory C:\Users\jcardero\Desktop\Dev\Learming\Udemy\Spring-Framework-&-Spring-Boot-desde-cero-a-experto\Projects\sprint-boot-web-david\src\test\resources
